CRITICAL - 2020-12-08 13:50:09 --> Use of undefined constant services - assumed 'services' (this will throw an Error in a future version of PHP)
#0 /home/ed/Work/Products/Ongoing/Kat-Static/backend/app/Views/index.php(2): CodeIgniter\Debug\Exceptions->errorHandler(2, 'Use of undefine...', '/home/ed/Work/P...', 2, Array)
#1 /home/ed/Work/Products/Ongoing/Kat-Static/backend/system/View/View.php(246): include('/home/ed/Work/P...')
#2 /home/ed/Work/Products/Ongoing/Kat-Static/backend/system/Common.php(1119): CodeIgniter\View\View->render('index', Array, true)
#3 /home/ed/Work/Products/Ongoing/Kat-Static/backend/app/Controllers/Home.php(12): view('index')
#4 /home/ed/Work/Products/Ongoing/Kat-Static/backend/system/CodeIgniter.php(918): App\Controllers\Home->index()
#5 /home/ed/Work/Products/Ongoing/Kat-Static/backend/system/CodeIgniter.php(404): CodeIgniter\CodeIgniter->runController(Object(App\Controllers\Home))
#6 /home/ed/Work/Products/Ongoing/Kat-Static/backend/system/CodeIgniter.php(312): CodeIgniter\CodeIgniter->handleRequest(NULL, Object(Config\Cache), false)
#7 /home/ed/Work/Products/Ongoing/Kat-Static/backend/public/index.php(45): CodeIgniter\CodeIgniter->run()
#8 /home/ed/Work/Products/Ongoing/Kat-Static/backend/system/Commands/Server/rewrite.php(34): require_once('/home/ed/Work/P...')
#9 {main}
CRITICAL - 2020-12-08 13:50:42 --> Use of undefined constant services - assumed 'services' (this will throw an Error in a future version of PHP)
#0 /home/ed/Work/Products/Ongoing/Kat-Static/backend/app/Views/index.php(2): CodeIgniter\Debug\Exceptions->errorHandler(2, 'Use of undefine...', '/home/ed/Work/P...', 2, Array)
#1 /home/ed/Work/Products/Ongoing/Kat-Static/backend/system/View/View.php(246): include('/home/ed/Work/P...')
#2 /home/ed/Work/Products/Ongoing/Kat-Static/backend/system/Common.php(1119): CodeIgniter\View\View->render('index', Array, true)
#3 /home/ed/Work/Products/Ongoing/Kat-Static/backend/app/Controllers/Home.php(12): view('index')
#4 /home/ed/Work/Products/Ongoing/Kat-Static/backend/system/CodeIgniter.php(918): App\Controllers\Home->index()
#5 /home/ed/Work/Products/Ongoing/Kat-Static/backend/system/CodeIgniter.php(404): CodeIgniter\CodeIgniter->runController(Object(App\Controllers\Home))
#6 /home/ed/Work/Products/Ongoing/Kat-Static/backend/system/CodeIgniter.php(312): CodeIgniter\CodeIgniter->handleRequest(NULL, Object(Config\Cache), false)
#7 /home/ed/Work/Products/Ongoing/Kat-Static/backend/public/index.php(45): CodeIgniter\CodeIgniter->run()
#8 /home/ed/Work/Products/Ongoing/Kat-Static/backend/system/Commands/Server/rewrite.php(34): require_once('/home/ed/Work/P...')
#9 {main}
CRITICAL - 2020-12-08 13:50:45 --> Use of undefined constant services - assumed 'services' (this will throw an Error in a future version of PHP)
#0 /home/ed/Work/Products/Ongoing/Kat-Static/backend/app/Views/index.php(2): CodeIgniter\Debug\Exceptions->errorHandler(2, 'Use of undefine...', '/home/ed/Work/P...', 2, Array)
#1 /home/ed/Work/Products/Ongoing/Kat-Static/backend/system/View/View.php(246): include('/home/ed/Work/P...')
#2 /home/ed/Work/Products/Ongoing/Kat-Static/backend/system/Common.php(1119): CodeIgniter\View\View->render('index', Array, true)
#3 /home/ed/Work/Products/Ongoing/Kat-Static/backend/app/Controllers/Home.php(12): view('index')
#4 /home/ed/Work/Products/Ongoing/Kat-Static/backend/system/CodeIgniter.php(918): App\Controllers\Home->index()
#5 /home/ed/Work/Products/Ongoing/Kat-Static/backend/system/CodeIgniter.php(404): CodeIgniter\CodeIgniter->runController(Object(App\Controllers\Home))
#6 /home/ed/Work/Products/Ongoing/Kat-Static/backend/system/CodeIgniter.php(312): CodeIgniter\CodeIgniter->handleRequest(NULL, Object(Config\Cache), false)
#7 /home/ed/Work/Products/Ongoing/Kat-Static/backend/public/index.php(45): CodeIgniter\CodeIgniter->run()
#8 /home/ed/Work/Products/Ongoing/Kat-Static/backend/system/Commands/Server/rewrite.php(34): require_once('/home/ed/Work/P...')
#9 {main}
